android/app/build/intermediates/manifest_merge_blame_file/debug/manifest-merger-blame-debug-report.txt
1<?xml version="1.0" encoding="utf-8"?>
2<manifest xmlns:android="http://schemas.android.com/apk/res/android"
3    package="com.rockethelp"
4    android:versionCode="1"
5    android:versionName="1.0.0" >
6
7    <uses-sdk
8        android:minSdkVersion="21"
9        android:targetSdkVersion="31" />
10
11    <uses-permission android:name="android.permission.SYSTEM_ALERT_WINDOW" />
11-->src\main\AndroidManifest.xml:4:3-75
11-->src\main\AndroidManifest.xml:4:20-73
12    <uses-permission android:name="android.permission.INTERNET" />
12-->src\main\AndroidManifest.xml:2:3-64
12-->src\main\AndroidManifest.xml:2:20-62
13    <uses-permission android:name="android.permission.READ_EXTERNAL_STORAGE" />
13-->src\main\AndroidManifest.xml:3:3-77
13-->src\main\AndroidManifest.xml:3:20-75
14    <uses-permission android:name="android.permission.VIBRATE" />
14-->src\main\AndroidManifest.xml:5:3-63
14-->src\main\AndroidManifest.xml:5:20-61
15    <uses-permission android:name="android.permission.WRITE_EXTERNAL_STORAGE" />
15-->src\main\AndroidManifest.xml:6:3-78
15-->src\main\AndroidManifest.xml:6:20-76
16
17    <queries>
17-->src\main\AndroidManifest.xml:7:3-13:13
18        <intent>
18-->src\main\AndroidManifest.xml:8:5-12:14
19            <action android:name="android.intent.action.VIEW" />
19-->src\main\AndroidManifest.xml:9:7-58
19-->src\main\AndroidManifest.xml:9:15-56
20
21            <category android:name="android.intent.category.BROWSABLE" />
21-->src\main\AndroidManifest.xml:10:7-67
21-->src\main\AndroidManifest.xml:10:17-65
22
23            <data android:scheme="https" />
23-->src\main\AndroidManifest.xml:11:7-37
23-->src\main\AndroidManifest.xml:11:13-35
24        </intent>
25        <!-- Query open documents -->
26        <intent>
26-->[:expo-file-system] AndroidManifest.xml:17:9-19:18
27            <action android:name="android.intent.action.OPEN_DOCUMENT_TREE" />
27-->[:expo-file-system] AndroidManifest.xml:18:13-79
27-->[:expo-file-system] AndroidManifest.xml:18:21-76
28        </intent>
29    </queries>
30
31    <uses-permission android:name="android.permission.ACCESS_WIFI_STATE" />
31-->[com.facebook.flipper:flipper:0.125.0] AndroidManifest.xml:16:5-76
31-->[com.facebook.flipper:flipper:0.125.0] AndroidManifest.xml:16:22-73
32    <uses-permission android:name="android.permission.WAKE_LOCK" />
32-->[:react-native-firebase_auth] AndroidManifest.xml:10:5-68
32-->[:react-native-firebase_auth] AndroidManifest.xml:10:22-65
33    <uses-permission android:name="android.permission.ACCESS_NETWORK_STATE" />
33-->[:react-native-firebase_auth] AndroidManifest.xml:11:5-79
33-->[:react-native-firebase_auth] AndroidManifest.xml:11:22-76
34    <uses-permission android:name="com.google.android.finsky.permission.BIND_GET_INSTALL_REFERRER_SERVICE" />
34-->[com.android.installreferrer:installreferrer:1.0] AndroidManifest.xml:9:5-110
34-->[com.android.installreferrer:installreferrer:1.0] AndroidManifest.xml:9:22-107
35
36    <application
36-->src\main\AndroidManifest.xml:14:3-33:17
37        android:name="com.rockethelp.MainApplication"
37-->src\main\AndroidManifest.xml:14:16-47
38        android:allowBackup="true"
38-->src\main\AndroidManifest.xml:14:162-188
39        android:appComponentFactory="androidx.core.app.CoreComponentFactory"
39-->[androidx.core:core:1.5.0] AndroidManifest.xml:24:18-86
40        android:debuggable="true"
41        android:icon="@mipmap/ic_launcher"
41-->src\main\AndroidManifest.xml:14:81-115
42        android:label="@string/app_name"
42-->src\main\AndroidManifest.xml:14:48-80
43        android:roundIcon="@mipmap/ic_launcher_round"
43-->src\main\AndroidManifest.xml:14:116-161
44        android:theme="@style/AppTheme"
44-->src\main\AndroidManifest.xml:14:189-220
45        android:usesCleartextTraffic="true" >
45-->src\main\AndroidManifest.xml:14:221-256
46        <meta-data
46-->src\main\AndroidManifest.xml:15:5-82
47            android:name="expo.modules.updates.ENABLED"
47-->src\main\AndroidManifest.xml:15:16-59
48            android:value="true" />
48-->src\main\AndroidManifest.xml:15:60-80
49        <meta-data
49-->src\main\AndroidManifest.xml:16:5-93
50            android:name="expo.modules.updates.EXPO_SDK_VERSION"
50-->src\main\AndroidManifest.xml:16:16-68
51            android:value="45.0.0" />
51-->src\main\AndroidManifest.xml:16:69-91
52        <meta-data
52-->src\main\AndroidManifest.xml:17:5-105
53            android:name="expo.modules.updates.EXPO_UPDATES_CHECK_ON_LAUNCH"
53-->src\main\AndroidManifest.xml:17:16-80
54            android:value="ALWAYS" />
54-->src\main\AndroidManifest.xml:17:81-103
55        <meta-data
55-->src\main\AndroidManifest.xml:18:5-99
56            android:name="expo.modules.updates.EXPO_UPDATES_LAUNCH_WAIT_MS"
56-->src\main\AndroidManifest.xml:18:16-79
57            android:value="0" />
57-->src\main\AndroidManifest.xml:18:80-97
58        <meta-data
58-->src\main\AndroidManifest.xml:19:5-125
59            android:name="expo.modules.updates.EXPO_UPDATE_URL"
59-->src\main\AndroidManifest.xml:19:16-67
60            android:value="https://exp.host/@anonymous/machinehelp" />
60-->src\main\AndroidManifest.xml:19:68-123
61
62        <activity
62-->src\main\AndroidManifest.xml:20:5-31:16
63            android:name="com.rockethelp.MainActivity"
63-->src\main\AndroidManifest.xml:20:15-43
64            android:configChanges="keyboard|keyboardHidden|orientation|screenSize|uiMode"
64-->src\main\AndroidManifest.xml:20:77-154
65            android:exported="true"
65-->src\main\AndroidManifest.xml:20:276-299
66            android:label="@string/app_name"
66-->src\main\AndroidManifest.xml:20:44-76
67            android:launchMode="singleTask"
67-->src\main\AndroidManifest.xml:20:155-186
68            android:theme="@style/Theme.App.SplashScreen"
68-->src\main\AndroidManifest.xml:20:230-275
69            android:windowSoftInputMode="adjustResize" >
69-->src\main\AndroidManifest.xml:20:187-229
70            <intent-filter>
70-->src\main\AndroidManifest.xml:21:7-24:23
71                <action android:name="android.intent.action.MAIN" />
71-->src\main\AndroidManifest.xml:22:9-60
71-->src\main\AndroidManifest.xml:22:17-58
72
73                <category android:name="android.intent.category.LAUNCHER" />
73-->src\main\AndroidManifest.xml:23:9-68
73-->src\main\AndroidManifest.xml:23:19-66
74            </intent-filter>
75            <intent-filter>
75-->src\main\AndroidManifest.xml:25:7-30:23
76                <action android:name="android.intent.action.VIEW" />
76-->src\main\AndroidManifest.xml:9:7-58
76-->src\main\AndroidManifest.xml:9:15-56
77
78                <category android:name="android.intent.category.DEFAULT" />
78-->src\main\AndroidManifest.xml:27:9-67
78-->src\main\AndroidManifest.xml:27:19-65
79                <category android:name="android.intent.category.BROWSABLE" />
79-->src\main\AndroidManifest.xml:10:7-67
79-->src\main\AndroidManifest.xml:10:17-65
80
81                <data android:scheme="com.rockethelp" />
81-->src\main\AndroidManifest.xml:11:7-37
81-->src\main\AndroidManifest.xml:11:13-35
82            </intent-filter>
83        </activity>
84        <activity
84-->src\main\AndroidManifest.xml:32:5-106
85            android:name="com.facebook.react.devsupport.DevSettingsActivity"
85-->src\main\AndroidManifest.xml:32:15-79
86            android:exported="false" />
86-->src\main\AndroidManifest.xml:32:80-104
87
88        <meta-data
88-->[:react-native-firebase_app] AndroidManifest.xml:11:9-13:36
89            android:name="app_data_collection_default_enabled"
89-->[:react-native-firebase_app] AndroidManifest.xml:12:13-63
90            android:value="true" />
90-->[:react-native-firebase_app] AndroidManifest.xml:13:13-33
91
92        <service
92-->[:react-native-firebase_app] AndroidManifest.xml:15:9-23:19
93            android:name="com.google.firebase.components.ComponentDiscoveryService"
93-->[:react-native-firebase_app] AndroidManifest.xml:16:13-84
94            android:directBootAware="true"
94-->[:react-native-firebase_app] AndroidManifest.xml:17:13-43
95            android:exported="false" >
95-->[:react-native-firebase_app] AndroidManifest.xml:18:13-37
96            <meta-data
96-->[:react-native-firebase_app] AndroidManifest.xml:20:13-22:85
97                android:name="com.google.firebase.components:io.invertase.firebase.app.ReactNativeFirebaseAppRegistrar"
97-->[:react-native-firebase_app] AndroidManifest.xml:21:17-120
98                android:value="com.google.firebase.components.ComponentRegistrar" />
98-->[:react-native-firebase_app] AndroidManifest.xml:22:17-82
99            <meta-data
99-->[com.google.firebase:firebase-firestore:24.2.1] AndroidManifest.xml:20:13-22:85
100                android:name="com.google.firebase.components:com.google.firebase.firestore.FirestoreRegistrar"
100-->[com.google.firebase:firebase-firestore:24.2.1] AndroidManifest.xml:21:17-111
101                android:value="com.google.firebase.components.ComponentRegistrar" />
101-->[com.google.firebase:firebase-firestore:24.2.1] AndroidManifest.xml:22:17-82
102            <meta-data
102-->[com.google.firebase:firebase-auth:21.0.6] AndroidManifest.xml:67:13-69:85
103                android:name="com.google.firebase.components:com.google.firebase.auth.FirebaseAuthRegistrar"
103-->[com.google.firebase:firebase-auth:21.0.6] AndroidManifest.xml:68:17-109
104                android:value="com.google.firebase.components.ComponentRegistrar" />
104-->[com.google.firebase:firebase-auth:21.0.6] AndroidManifest.xml:69:17-82
105        </service>
106
107        <provider
107-->[:react-native-firebase_app] AndroidManifest.xml:25:9-29:38
108            android:name="io.invertase.firebase.app.ReactNativeFirebaseAppInitProvider"
108-->[:react-native-firebase_app] AndroidManifest.xml:26:13-88
109            android:authorities="com.rockethelp.reactnativefirebaseappinitprovider"
109-->[:react-native-firebase_app] AndroidManifest.xml:27:13-86
110            android:exported="false"
110-->[:react-native-firebase_app] AndroidManifest.xml:28:13-37
111            android:initOrder="99" />
111-->[:react-native-firebase_app] AndroidManifest.xml:29:13-35
112        <provider
112-->[:expo-file-system] AndroidManifest.xml:23:9-32:20
113            android:name="expo.modules.filesystem.FileSystemFileProvider"
113-->[:expo-file-system] AndroidManifest.xml:24:13-74
114            android:authorities="com.rockethelp.FileSystemFileProvider"
114-->[:expo-file-system] AndroidManifest.xml:25:13-74
115            android:exported="false"
115-->[:expo-file-system] AndroidManifest.xml:26:13-37
116            android:grantUriPermissions="true" >
116-->[:expo-file-system] AndroidManifest.xml:27:13-47
117            <meta-data
117-->[:expo-file-system] AndroidManifest.xml:29:13-31:70
118                android:name="android.support.FILE_PROVIDER_PATHS"
118-->[:expo-file-system] AndroidManifest.xml:30:17-67
119                android:resource="@xml/file_system_provider_paths" />
119-->[:expo-file-system] AndroidManifest.xml:31:17-67
120        </provider>
121
122        <meta-data
122-->[:expo-modules-core] AndroidManifest.xml:10:9-12:89
123            android:name="org.unimodules.core.AppLoader#react-native-headless"
123-->[:expo-modules-core] AndroidManifest.xml:11:13-79
124            android:value="expo.modules.adapters.react.apploader.RNHeadlessAppLoader" />
124-->[:expo-modules-core] AndroidManifest.xml:12:13-86
125
126        <activity
126-->[com.google.firebase:firebase-auth:21.0.6] AndroidManifest.xml:27:9-44:20
127            android:name="com.google.firebase.auth.internal.GenericIdpActivity"
127-->[com.google.firebase:firebase-auth:21.0.6] AndroidManifest.xml:28:13-80
128            android:excludeFromRecents="true"
128-->[com.google.firebase:firebase-auth:21.0.6] AndroidManifest.xml:29:13-46
129            android:exported="true"
129-->[com.google.firebase:firebase-auth:21.0.6] AndroidManifest.xml:30:13-36
130            android:launchMode="singleTask"
130-->[com.google.firebase:firebase-auth:21.0.6] AndroidManifest.xml:31:13-44
131            android:theme="@android:style/Theme.Translucent.NoTitleBar" >
131-->[com.google.firebase:firebase-auth:21.0.6] AndroidManifest.xml:32:13-72
132            <intent-filter>
132-->[com.google.firebase:firebase-auth:21.0.6] AndroidManifest.xml:33:13-43:29
133                <action android:name="android.intent.action.VIEW" />
133-->src\main\AndroidManifest.xml:9:7-58
133-->src\main\AndroidManifest.xml:9:15-56
134
135                <category android:name="android.intent.category.DEFAULT" />
135-->src\main\AndroidManifest.xml:27:9-67
135-->src\main\AndroidManifest.xml:27:19-65
136                <category android:name="android.intent.category.BROWSABLE" />
136-->src\main\AndroidManifest.xml:10:7-67
136-->src\main\AndroidManifest.xml:10:17-65
137
138                <data
138-->src\main\AndroidManifest.xml:11:7-37
139                    android:host="firebase.auth"
140                    android:path="/"
141                    android:scheme="genericidp" />
141-->src\main\AndroidManifest.xml:11:13-35
142            </intent-filter>
143        </activity>
144        <activity
144-->[com.google.firebase:firebase-auth:21.0.6] AndroidManifest.xml:45:9-62:20
145            android:name="com.google.firebase.auth.internal.RecaptchaActivity"
145-->[com.google.firebase:firebase-auth:21.0.6] AndroidManifest.xml:46:13-79
146            android:excludeFromRecents="true"
146-->[com.google.firebase:firebase-auth:21.0.6] AndroidManifest.xml:47:13-46
147            android:exported="true"
147-->[com.google.firebase:firebase-auth:21.0.6] AndroidManifest.xml:48:13-36
148            android:launchMode="singleTask"
148-->[com.google.firebase:firebase-auth:21.0.6] AndroidManifest.xml:49:13-44
149            android:theme="@android:style/Theme.Translucent.NoTitleBar" >
149-->[com.google.firebase:firebase-auth:21.0.6] AndroidManifest.xml:50:13-72
150            <intent-filter>
150-->[com.google.firebase:firebase-auth:21.0.6] AndroidManifest.xml:51:13-61:29
151                <action android:name="android.intent.action.VIEW" />
151-->src\main\AndroidManifest.xml:9:7-58
151-->src\main\AndroidManifest.xml:9:15-56
152
153                <category android:name="android.intent.category.DEFAULT" />
153-->src\main\AndroidManifest.xml:27:9-67
153-->src\main\AndroidManifest.xml:27:19-65
154                <category android:name="android.intent.category.BROWSABLE" />
154-->src\main\AndroidManifest.xml:10:7-67
154-->src\main\AndroidManifest.xml:10:17-65
155
156                <data
156-->src\main\AndroidManifest.xml:11:7-37
157                    android:host="firebase.auth"
158                    android:path="/"
159                    android:scheme="recaptcha" />
159-->src\main\AndroidManifest.xml:11:13-35
160            </intent-filter>
161        </activity>
162        <activity
162-->[com.google.android.gms:play-services-auth:20.2.0] AndroidManifest.xml:23:9-27:75
163            android:name="com.google.android.gms.auth.api.signin.internal.SignInHubActivity"
163-->[com.google.android.gms:play-services-auth:20.2.0] AndroidManifest.xml:24:13-93
164            android:excludeFromRecents="true"
164-->[com.google.android.gms:play-services-auth:20.2.0] AndroidManifest.xml:25:13-46
165            android:exported="false"
165-->[com.google.android.gms:play-services-auth:20.2.0] AndroidManifest.xml:26:13-37
166            android:theme="@android:style/Theme.Translucent.NoTitleBar" />
166-->[com.google.android.gms:play-services-auth:20.2.0] AndroidManifest.xml:27:13-72
167        <!--
168            Service handling Google Sign-In user revocation. For apps that do not integrate with
169            Google Sign-In, this service will never be started.
170        -->
171        <service
171-->[com.google.android.gms:play-services-auth:20.2.0] AndroidManifest.xml:33:9-37:51
172            android:name="com.google.android.gms.auth.api.signin.RevocationBoundService"
172-->[com.google.android.gms:play-services-auth:20.2.0] AndroidManifest.xml:34:13-89
173            android:exported="true"
173-->[com.google.android.gms:play-services-auth:20.2.0] AndroidManifest.xml:35:13-36
174            android:permission="com.google.android.gms.auth.api.signin.permission.REVOCATION_NOTIFICATION"
174-->[com.google.android.gms:play-services-auth:20.2.0] AndroidManifest.xml:36:13-107
175            android:visibleToInstantApps="true" />
175-->[com.google.android.gms:play-services-auth:20.2.0] AndroidManifest.xml:37:13-48
176
177        <activity
177-->[com.google.android.gms:play-services-base:18.0.1] AndroidManifest.xml:20:9-22:45
178            android:name="com.google.android.gms.common.api.GoogleApiActivity"
178-->[com.google.android.gms:play-services-base:18.0.1] AndroidManifest.xml:20:19-85
179            android:exported="false"
179-->[com.google.android.gms:play-services-base:18.0.1] AndroidManifest.xml:22:19-43
180            android:theme="@android:style/Theme.Translucent.NoTitleBar" />
180-->[com.google.android.gms:play-services-base:18.0.1] AndroidManifest.xml:21:19-78
181
182        <provider
182-->[com.google.firebase:firebase-common:20.1.1] AndroidManifest.xml:26:9-31:39
183            android:name="com.google.firebase.provider.FirebaseInitProvider"
183-->[com.google.firebase:firebase-common:20.1.1] AndroidManifest.xml:27:13-77
184            android:authorities="com.rockethelp.firebaseinitprovider"
184-->[com.google.firebase:firebase-common:20.1.1] AndroidManifest.xml:28:13-72
185            android:directBootAware="true"
185-->[com.google.firebase:firebase-common:20.1.1] AndroidManifest.xml:29:13-43
186            android:exported="false"
186-->[com.google.firebase:firebase-common:20.1.1] AndroidManifest.xml:30:13-37
187            android:initOrder="100" />
187-->[com.google.firebase:firebase-common:20.1.1] AndroidManifest.xml:31:13-36
188
189        <meta-data
189-->[com.google.android.gms:play-services-basement:18.0.0] AndroidManifest.xml:21:9-23:69
190            android:name="com.google.android.gms.version"
190-->[com.google.android.gms:play-services-basement:18.0.0] AndroidManifest.xml:22:13-58
191            android:value="@integer/google_play_services_version" />
191-->[com.google.android.gms:play-services-basement:18.0.0] AndroidManifest.xml:23:13-66
192    </application>
193
194</manifest>